G75*
%MOIN*%
%OFA0B0*%
%FSLAX25Y25*%
%IPPOS*%
%LPD*%
%AMOC8*
5,1,8,0,0,1.08239X$1,22.5*
%
%ADD10C,0.00000*%
D10*
X0004937Y0001000D02*
X0699543Y0001000D01*
X0699667Y0001002D01*
X0699790Y0001008D01*
X0699914Y0001017D01*
X0700036Y0001031D01*
X0700159Y0001048D01*
X0700281Y0001070D01*
X0700402Y0001095D01*
X0700522Y0001124D01*
X0700641Y0001156D01*
X0700760Y0001193D01*
X0700877Y0001233D01*
X0700992Y0001276D01*
X0701107Y0001324D01*
X0701219Y0001375D01*
X0701330Y0001429D01*
X0701440Y0001487D01*
X0701547Y0001548D01*
X0701653Y0001613D01*
X0701756Y0001681D01*
X0701857Y0001752D01*
X0701956Y0001826D01*
X0702053Y0001903D01*
X0702147Y0001984D01*
X0702238Y0002067D01*
X0702327Y0002153D01*
X0702413Y0002242D01*
X0702496Y0002333D01*
X0702577Y0002427D01*
X0702654Y0002524D01*
X0702728Y0002623D01*
X0702799Y0002724D01*
X0702867Y0002827D01*
X0702932Y0002933D01*
X0702993Y0003040D01*
X0703051Y0003150D01*
X0703105Y0003261D01*
X0703156Y0003373D01*
X0703204Y0003488D01*
X0703247Y0003603D01*
X0703287Y0003720D01*
X0703324Y0003839D01*
X0703356Y0003958D01*
X0703385Y0004078D01*
X0703410Y0004199D01*
X0703432Y0004321D01*
X0703449Y0004444D01*
X0703463Y0004566D01*
X0703472Y0004690D01*
X0703478Y0004813D01*
X0703480Y0004937D01*
X0703480Y0385764D01*
X0703478Y0385888D01*
X0703472Y0386011D01*
X0703463Y0386135D01*
X0703449Y0386257D01*
X0703432Y0386380D01*
X0703410Y0386502D01*
X0703385Y0386623D01*
X0703356Y0386743D01*
X0703324Y0386862D01*
X0703287Y0386981D01*
X0703247Y0387098D01*
X0703204Y0387213D01*
X0703156Y0387328D01*
X0703105Y0387440D01*
X0703051Y0387551D01*
X0702993Y0387661D01*
X0702932Y0387768D01*
X0702867Y0387874D01*
X0702799Y0387977D01*
X0702728Y0388078D01*
X0702654Y0388177D01*
X0702577Y0388274D01*
X0702496Y0388368D01*
X0702413Y0388459D01*
X0702327Y0388548D01*
X0702238Y0388634D01*
X0702147Y0388717D01*
X0702053Y0388798D01*
X0701956Y0388875D01*
X0701857Y0388949D01*
X0701756Y0389020D01*
X0701653Y0389088D01*
X0701547Y0389153D01*
X0701440Y0389214D01*
X0701330Y0389272D01*
X0701219Y0389326D01*
X0701107Y0389377D01*
X0700992Y0389425D01*
X0700877Y0389468D01*
X0700760Y0389508D01*
X0700641Y0389545D01*
X0700522Y0389577D01*
X0700402Y0389606D01*
X0700281Y0389631D01*
X0700159Y0389653D01*
X0700036Y0389670D01*
X0699914Y0389684D01*
X0699790Y0389693D01*
X0699667Y0389699D01*
X0699543Y0389701D01*
X0004937Y0389701D01*
X0004813Y0389699D01*
X0004690Y0389693D01*
X0004566Y0389684D01*
X0004444Y0389670D01*
X0004321Y0389653D01*
X0004199Y0389631D01*
X0004078Y0389606D01*
X0003958Y0389577D01*
X0003839Y0389545D01*
X0003720Y0389508D01*
X0003603Y0389468D01*
X0003488Y0389425D01*
X0003373Y0389377D01*
X0003261Y0389326D01*
X0003150Y0389272D01*
X0003040Y0389214D01*
X0002933Y0389153D01*
X0002827Y0389088D01*
X0002724Y0389020D01*
X0002623Y0388949D01*
X0002524Y0388875D01*
X0002427Y0388798D01*
X0002333Y0388717D01*
X0002242Y0388634D01*
X0002153Y0388548D01*
X0002067Y0388459D01*
X0001984Y0388368D01*
X0001903Y0388274D01*
X0001826Y0388177D01*
X0001752Y0388078D01*
X0001681Y0387977D01*
X0001613Y0387874D01*
X0001548Y0387768D01*
X0001487Y0387661D01*
X0001429Y0387551D01*
X0001375Y0387440D01*
X0001324Y0387328D01*
X0001276Y0387213D01*
X0001233Y0387098D01*
X0001193Y0386981D01*
X0001156Y0386862D01*
X0001124Y0386743D01*
X0001095Y0386623D01*
X0001070Y0386502D01*
X0001048Y0386380D01*
X0001031Y0386257D01*
X0001017Y0386135D01*
X0001008Y0386011D01*
X0001002Y0385888D01*
X0001000Y0385764D01*
X0001000Y0004937D01*
X0001002Y0004813D01*
X0001008Y0004690D01*
X0001017Y0004566D01*
X0001031Y0004444D01*
X0001048Y0004321D01*
X0001070Y0004199D01*
X0001095Y0004078D01*
X0001124Y0003958D01*
X0001156Y0003839D01*
X0001193Y0003720D01*
X0001233Y0003603D01*
X0001276Y0003488D01*
X0001324Y0003373D01*
X0001375Y0003261D01*
X0001429Y0003150D01*
X0001487Y0003040D01*
X0001548Y0002933D01*
X0001613Y0002827D01*
X0001681Y0002724D01*
X0001752Y0002623D01*
X0001826Y0002524D01*
X0001903Y0002427D01*
X0001984Y0002333D01*
X0002067Y0002242D01*
X0002153Y0002153D01*
X0002242Y0002067D01*
X0002333Y0001984D01*
X0002427Y0001903D01*
X0002524Y0001826D01*
X0002623Y0001752D01*
X0002724Y0001681D01*
X0002827Y0001613D01*
X0002933Y0001548D01*
X0003040Y0001487D01*
X0003150Y0001429D01*
X0003261Y0001375D01*
X0003373Y0001324D01*
X0003488Y0001276D01*
X0003603Y0001233D01*
X0003720Y0001193D01*
X0003839Y0001156D01*
X0003958Y0001124D01*
X0004078Y0001095D01*
X0004199Y0001070D01*
X0004321Y0001048D01*
X0004444Y0001031D01*
X0004566Y0001017D01*
X0004690Y0001008D01*
X0004813Y0001002D01*
X0004937Y0001000D01*
X0013795Y0020685D02*
X0013797Y0020854D01*
X0013803Y0021023D01*
X0013814Y0021192D01*
X0013828Y0021360D01*
X0013847Y0021528D01*
X0013870Y0021696D01*
X0013896Y0021863D01*
X0013927Y0022029D01*
X0013962Y0022195D01*
X0014001Y0022359D01*
X0014045Y0022523D01*
X0014092Y0022685D01*
X0014143Y0022846D01*
X0014198Y0023006D01*
X0014257Y0023165D01*
X0014319Y0023322D01*
X0014386Y0023477D01*
X0014457Y0023631D01*
X0014531Y0023783D01*
X0014609Y0023933D01*
X0014690Y0024081D01*
X0014775Y0024227D01*
X0014864Y0024371D01*
X0014956Y0024513D01*
X0015052Y0024652D01*
X0015151Y0024789D01*
X0015253Y0024924D01*
X0015359Y0025056D01*
X0015468Y0025185D01*
X0015580Y0025312D01*
X0015695Y0025436D01*
X0015813Y0025557D01*
X0015934Y0025675D01*
X0016058Y0025790D01*
X0016185Y0025902D01*
X0016314Y0026011D01*
X0016446Y0026117D01*
X0016581Y0026219D01*
X0016718Y0026318D01*
X0016857Y0026414D01*
X0016999Y0026506D01*
X0017143Y0026595D01*
X0017289Y0026680D01*
X0017437Y0026761D01*
X0017587Y0026839D01*
X0017739Y0026913D01*
X0017893Y0026984D01*
X0018048Y0027051D01*
X0018205Y0027113D01*
X0018364Y0027172D01*
X0018524Y0027227D01*
X0018685Y0027278D01*
X0018847Y0027325D01*
X0019011Y0027369D01*
X0019175Y0027408D01*
X0019341Y0027443D01*
X0019507Y0027474D01*
X0019674Y0027500D01*
X0019842Y0027523D01*
X0020010Y0027542D01*
X0020178Y0027556D01*
X0020347Y0027567D01*
X0020516Y0027573D01*
X0020685Y0027575D01*
X0020854Y0027573D01*
X0021023Y0027567D01*
X0021192Y0027556D01*
X0021360Y0027542D01*
X0021528Y0027523D01*
X0021696Y0027500D01*
X0021863Y0027474D01*
X0022029Y0027443D01*
X0022195Y0027408D01*
X0022359Y0027369D01*
X0022523Y0027325D01*
X0022685Y0027278D01*
X0022846Y0027227D01*
X0023006Y0027172D01*
X0023165Y0027113D01*
X0023322Y0027051D01*
X0023477Y0026984D01*
X0023631Y0026913D01*
X0023783Y0026839D01*
X0023933Y0026761D01*
X0024081Y0026680D01*
X0024227Y0026595D01*
X0024371Y0026506D01*
X0024513Y0026414D01*
X0024652Y0026318D01*
X0024789Y0026219D01*
X0024924Y0026117D01*
X0025056Y0026011D01*
X0025185Y0025902D01*
X0025312Y0025790D01*
X0025436Y0025675D01*
X0025557Y0025557D01*
X0025675Y0025436D01*
X0025790Y0025312D01*
X0025902Y0025185D01*
X0026011Y0025056D01*
X0026117Y0024924D01*
X0026219Y0024789D01*
X0026318Y0024652D01*
X0026414Y0024513D01*
X0026506Y0024371D01*
X0026595Y0024227D01*
X0026680Y0024081D01*
X0026761Y0023933D01*
X0026839Y0023783D01*
X0026913Y0023631D01*
X0026984Y0023477D01*
X0027051Y0023322D01*
X0027113Y0023165D01*
X0027172Y0023006D01*
X0027227Y0022846D01*
X0027278Y0022685D01*
X0027325Y0022523D01*
X0027369Y0022359D01*
X0027408Y0022195D01*
X0027443Y0022029D01*
X0027474Y0021863D01*
X0027500Y0021696D01*
X0027523Y0021528D01*
X0027542Y0021360D01*
X0027556Y0021192D01*
X0027567Y0021023D01*
X0027573Y0020854D01*
X0027575Y0020685D01*
X0027573Y0020516D01*
X0027567Y0020347D01*
X0027556Y0020178D01*
X0027542Y0020010D01*
X0027523Y0019842D01*
X0027500Y0019674D01*
X0027474Y0019507D01*
X0027443Y0019341D01*
X0027408Y0019175D01*
X0027369Y0019011D01*
X0027325Y0018847D01*
X0027278Y0018685D01*
X0027227Y0018524D01*
X0027172Y0018364D01*
X0027113Y0018205D01*
X0027051Y0018048D01*
X0026984Y0017893D01*
X0026913Y0017739D01*
X0026839Y0017587D01*
X0026761Y0017437D01*
X0026680Y0017289D01*
X0026595Y0017143D01*
X0026506Y0016999D01*
X0026414Y0016857D01*
X0026318Y0016718D01*
X0026219Y0016581D01*
X0026117Y0016446D01*
X0026011Y0016314D01*
X0025902Y0016185D01*
X0025790Y0016058D01*
X0025675Y0015934D01*
X0025557Y0015813D01*
X0025436Y0015695D01*
X0025312Y0015580D01*
X0025185Y0015468D01*
X0025056Y0015359D01*
X0024924Y0015253D01*
X0024789Y0015151D01*
X0024652Y0015052D01*
X0024513Y0014956D01*
X0024371Y0014864D01*
X0024227Y0014775D01*
X0024081Y0014690D01*
X0023933Y0014609D01*
X0023783Y0014531D01*
X0023631Y0014457D01*
X0023477Y0014386D01*
X0023322Y0014319D01*
X0023165Y0014257D01*
X0023006Y0014198D01*
X0022846Y0014143D01*
X0022685Y0014092D01*
X0022523Y0014045D01*
X0022359Y0014001D01*
X0022195Y0013962D01*
X0022029Y0013927D01*
X0021863Y0013896D01*
X0021696Y0013870D01*
X0021528Y0013847D01*
X0021360Y0013828D01*
X0021192Y0013814D01*
X0021023Y0013803D01*
X0020854Y0013797D01*
X0020685Y0013795D01*
X0020516Y0013797D01*
X0020347Y0013803D01*
X0020178Y0013814D01*
X0020010Y0013828D01*
X0019842Y0013847D01*
X0019674Y0013870D01*
X0019507Y0013896D01*
X0019341Y0013927D01*
X0019175Y0013962D01*
X0019011Y0014001D01*
X0018847Y0014045D01*
X0018685Y0014092D01*
X0018524Y0014143D01*
X0018364Y0014198D01*
X0018205Y0014257D01*
X0018048Y0014319D01*
X0017893Y0014386D01*
X0017739Y0014457D01*
X0017587Y0014531D01*
X0017437Y0014609D01*
X0017289Y0014690D01*
X0017143Y0014775D01*
X0016999Y0014864D01*
X0016857Y0014956D01*
X0016718Y0015052D01*
X0016581Y0015151D01*
X0016446Y0015253D01*
X0016314Y0015359D01*
X0016185Y0015468D01*
X0016058Y0015580D01*
X0015934Y0015695D01*
X0015813Y0015813D01*
X0015695Y0015934D01*
X0015580Y0016058D01*
X0015468Y0016185D01*
X0015359Y0016314D01*
X0015253Y0016446D01*
X0015151Y0016581D01*
X0015052Y0016718D01*
X0014956Y0016857D01*
X0014864Y0016999D01*
X0014775Y0017143D01*
X0014690Y0017289D01*
X0014609Y0017437D01*
X0014531Y0017587D01*
X0014457Y0017739D01*
X0014386Y0017893D01*
X0014319Y0018048D01*
X0014257Y0018205D01*
X0014198Y0018364D01*
X0014143Y0018524D01*
X0014092Y0018685D01*
X0014045Y0018847D01*
X0014001Y0019011D01*
X0013962Y0019175D01*
X0013927Y0019341D01*
X0013896Y0019507D01*
X0013870Y0019674D01*
X0013847Y0019842D01*
X0013828Y0020010D01*
X0013814Y0020178D01*
X0013803Y0020347D01*
X0013797Y0020516D01*
X0013795Y0020685D01*
X0014897Y0321000D02*
X0014899Y0321148D01*
X0014905Y0321296D01*
X0014915Y0321444D01*
X0014929Y0321591D01*
X0014947Y0321738D01*
X0014968Y0321884D01*
X0014994Y0322030D01*
X0015024Y0322175D01*
X0015057Y0322319D01*
X0015095Y0322462D01*
X0015136Y0322604D01*
X0015181Y0322745D01*
X0015229Y0322885D01*
X0015282Y0323024D01*
X0015338Y0323161D01*
X0015398Y0323296D01*
X0015461Y0323430D01*
X0015528Y0323562D01*
X0015599Y0323692D01*
X0015673Y0323820D01*
X0015750Y0323946D01*
X0015831Y0324070D01*
X0015915Y0324192D01*
X0016002Y0324311D01*
X0016093Y0324428D01*
X0016187Y0324543D01*
X0016283Y0324655D01*
X0016383Y0324765D01*
X0016485Y0324871D01*
X0016591Y0324975D01*
X0016699Y0325076D01*
X0016810Y0325174D01*
X0016923Y0325270D01*
X0017039Y0325362D01*
X0017157Y0325451D01*
X0017278Y0325536D01*
X0017401Y0325619D01*
X0017526Y0325698D01*
X0017653Y0325774D01*
X0017782Y0325846D01*
X0017913Y0325915D01*
X0018046Y0325980D01*
X0018181Y0326041D01*
X0018317Y0326099D01*
X0018454Y0326154D01*
X0018593Y0326204D01*
X0018734Y0326251D01*
X0018875Y0326294D01*
X0019018Y0326334D01*
X0019162Y0326369D01*
X0019306Y0326401D01*
X0019452Y0326428D01*
X0019598Y0326452D01*
X0019745Y0326472D01*
X0019892Y0326488D01*
X0020039Y0326500D01*
X0020187Y0326508D01*
X0020335Y0326512D01*
X0020483Y0326512D01*
X0020631Y0326508D01*
X0020779Y0326500D01*
X0020926Y0326488D01*
X0021073Y0326472D01*
X0021220Y0326452D01*
X0021366Y0326428D01*
X0021512Y0326401D01*
X0021656Y0326369D01*
X0021800Y0326334D01*
X0021943Y0326294D01*
X0022084Y0326251D01*
X0022225Y0326204D01*
X0022364Y0326154D01*
X0022501Y0326099D01*
X0022637Y0326041D01*
X0022772Y0325980D01*
X0022905Y0325915D01*
X0023036Y0325846D01*
X0023165Y0325774D01*
X0023292Y0325698D01*
X0023417Y0325619D01*
X0023540Y0325536D01*
X0023661Y0325451D01*
X0023779Y0325362D01*
X0023895Y0325270D01*
X0024008Y0325174D01*
X0024119Y0325076D01*
X0024227Y0324975D01*
X0024333Y0324871D01*
X0024435Y0324765D01*
X0024535Y0324655D01*
X0024631Y0324543D01*
X0024725Y0324428D01*
X0024816Y0324311D01*
X0024903Y0324192D01*
X0024987Y0324070D01*
X0025068Y0323946D01*
X0025145Y0323820D01*
X0025219Y0323692D01*
X0025290Y0323562D01*
X0025357Y0323430D01*
X0025420Y0323296D01*
X0025480Y0323161D01*
X0025536Y0323024D01*
X0025589Y0322885D01*
X0025637Y0322745D01*
X0025682Y0322604D01*
X0025723Y0322462D01*
X0025761Y0322319D01*
X0025794Y0322175D01*
X0025824Y0322030D01*
X0025850Y0321884D01*
X0025871Y0321738D01*
X0025889Y0321591D01*
X0025903Y0321444D01*
X0025913Y0321296D01*
X0025919Y0321148D01*
X0025921Y0321000D01*
X0025919Y0320852D01*
X0025913Y0320704D01*
X0025903Y0320556D01*
X0025889Y0320409D01*
X0025871Y0320262D01*
X0025850Y0320116D01*
X0025824Y0319970D01*
X0025794Y0319825D01*
X0025761Y0319681D01*
X0025723Y0319538D01*
X0025682Y0319396D01*
X0025637Y0319255D01*
X0025589Y0319115D01*
X0025536Y0318976D01*
X0025480Y0318839D01*
X0025420Y0318704D01*
X0025357Y0318570D01*
X0025290Y0318438D01*
X0025219Y0318308D01*
X0025145Y0318180D01*
X0025068Y0318054D01*
X0024987Y0317930D01*
X0024903Y0317808D01*
X0024816Y0317689D01*
X0024725Y0317572D01*
X0024631Y0317457D01*
X0024535Y0317345D01*
X0024435Y0317235D01*
X0024333Y0317129D01*
X0024227Y0317025D01*
X0024119Y0316924D01*
X0024008Y0316826D01*
X0023895Y0316730D01*
X0023779Y0316638D01*
X0023661Y0316549D01*
X0023540Y0316464D01*
X0023417Y0316381D01*
X0023292Y0316302D01*
X0023165Y0316226D01*
X0023036Y0316154D01*
X0022905Y0316085D01*
X0022772Y0316020D01*
X0022637Y0315959D01*
X0022501Y0315901D01*
X0022364Y0315846D01*
X0022225Y0315796D01*
X0022084Y0315749D01*
X0021943Y0315706D01*
X0021800Y0315666D01*
X0021656Y0315631D01*
X0021512Y0315599D01*
X0021366Y0315572D01*
X0021220Y0315548D01*
X0021073Y0315528D01*
X0020926Y0315512D01*
X0020779Y0315500D01*
X0020631Y0315492D01*
X0020483Y0315488D01*
X0020335Y0315488D01*
X0020187Y0315492D01*
X0020039Y0315500D01*
X0019892Y0315512D01*
X0019745Y0315528D01*
X0019598Y0315548D01*
X0019452Y0315572D01*
X0019306Y0315599D01*
X0019162Y0315631D01*
X0019018Y0315666D01*
X0018875Y0315706D01*
X0018734Y0315749D01*
X0018593Y0315796D01*
X0018454Y0315846D01*
X0018317Y0315901D01*
X0018181Y0315959D01*
X0018046Y0316020D01*
X0017913Y0316085D01*
X0017782Y0316154D01*
X0017653Y0316226D01*
X0017526Y0316302D01*
X0017401Y0316381D01*
X0017278Y0316464D01*
X0017157Y0316549D01*
X0017039Y0316638D01*
X0016923Y0316730D01*
X0016810Y0316826D01*
X0016699Y0316924D01*
X0016591Y0317025D01*
X0016485Y0317129D01*
X0016383Y0317235D01*
X0016283Y0317345D01*
X0016187Y0317457D01*
X0016093Y0317572D01*
X0016002Y0317689D01*
X0015915Y0317808D01*
X0015831Y0317930D01*
X0015750Y0318054D01*
X0015673Y0318180D01*
X0015599Y0318308D01*
X0015528Y0318438D01*
X0015461Y0318570D01*
X0015398Y0318704D01*
X0015338Y0318839D01*
X0015282Y0318976D01*
X0015229Y0319115D01*
X0015181Y0319255D01*
X0015136Y0319396D01*
X0015095Y0319538D01*
X0015057Y0319681D01*
X0015024Y0319825D01*
X0014994Y0319970D01*
X0014968Y0320116D01*
X0014947Y0320262D01*
X0014929Y0320409D01*
X0014915Y0320556D01*
X0014905Y0320704D01*
X0014899Y0320852D01*
X0014897Y0321000D01*
X0013795Y0375016D02*
X0013797Y0375185D01*
X0013803Y0375354D01*
X0013814Y0375523D01*
X0013828Y0375691D01*
X0013847Y0375859D01*
X0013870Y0376027D01*
X0013896Y0376194D01*
X0013927Y0376360D01*
X0013962Y0376526D01*
X0014001Y0376690D01*
X0014045Y0376854D01*
X0014092Y0377016D01*
X0014143Y0377177D01*
X0014198Y0377337D01*
X0014257Y0377496D01*
X0014319Y0377653D01*
X0014386Y0377808D01*
X0014457Y0377962D01*
X0014531Y0378114D01*
X0014609Y0378264D01*
X0014690Y0378412D01*
X0014775Y0378558D01*
X0014864Y0378702D01*
X0014956Y0378844D01*
X0015052Y0378983D01*
X0015151Y0379120D01*
X0015253Y0379255D01*
X0015359Y0379387D01*
X0015468Y0379516D01*
X0015580Y0379643D01*
X0015695Y0379767D01*
X0015813Y0379888D01*
X0015934Y0380006D01*
X0016058Y0380121D01*
X0016185Y0380233D01*
X0016314Y0380342D01*
X0016446Y0380448D01*
X0016581Y0380550D01*
X0016718Y0380649D01*
X0016857Y0380745D01*
X0016999Y0380837D01*
X0017143Y0380926D01*
X0017289Y0381011D01*
X0017437Y0381092D01*
X0017587Y0381170D01*
X0017739Y0381244D01*
X0017893Y0381315D01*
X0018048Y0381382D01*
X0018205Y0381444D01*
X0018364Y0381503D01*
X0018524Y0381558D01*
X0018685Y0381609D01*
X0018847Y0381656D01*
X0019011Y0381700D01*
X0019175Y0381739D01*
X0019341Y0381774D01*
X0019507Y0381805D01*
X0019674Y0381831D01*
X0019842Y0381854D01*
X0020010Y0381873D01*
X0020178Y0381887D01*
X0020347Y0381898D01*
X0020516Y0381904D01*
X0020685Y0381906D01*
X0020854Y0381904D01*
X0021023Y0381898D01*
X0021192Y0381887D01*
X0021360Y0381873D01*
X0021528Y0381854D01*
X0021696Y0381831D01*
X0021863Y0381805D01*
X0022029Y0381774D01*
X0022195Y0381739D01*
X0022359Y0381700D01*
X0022523Y0381656D01*
X0022685Y0381609D01*
X0022846Y0381558D01*
X0023006Y0381503D01*
X0023165Y0381444D01*
X0023322Y0381382D01*
X0023477Y0381315D01*
X0023631Y0381244D01*
X0023783Y0381170D01*
X0023933Y0381092D01*
X0024081Y0381011D01*
X0024227Y0380926D01*
X0024371Y0380837D01*
X0024513Y0380745D01*
X0024652Y0380649D01*
X0024789Y0380550D01*
X0024924Y0380448D01*
X0025056Y0380342D01*
X0025185Y0380233D01*
X0025312Y0380121D01*
X0025436Y0380006D01*
X0025557Y0379888D01*
X0025675Y0379767D01*
X0025790Y0379643D01*
X0025902Y0379516D01*
X0026011Y0379387D01*
X0026117Y0379255D01*
X0026219Y0379120D01*
X0026318Y0378983D01*
X0026414Y0378844D01*
X0026506Y0378702D01*
X0026595Y0378558D01*
X0026680Y0378412D01*
X0026761Y0378264D01*
X0026839Y0378114D01*
X0026913Y0377962D01*
X0026984Y0377808D01*
X0027051Y0377653D01*
X0027113Y0377496D01*
X0027172Y0377337D01*
X0027227Y0377177D01*
X0027278Y0377016D01*
X0027325Y0376854D01*
X0027369Y0376690D01*
X0027408Y0376526D01*
X0027443Y0376360D01*
X0027474Y0376194D01*
X0027500Y0376027D01*
X0027523Y0375859D01*
X0027542Y0375691D01*
X0027556Y0375523D01*
X0027567Y0375354D01*
X0027573Y0375185D01*
X0027575Y0375016D01*
X0027573Y0374847D01*
X0027567Y0374678D01*
X0027556Y0374509D01*
X0027542Y0374341D01*
X0027523Y0374173D01*
X0027500Y0374005D01*
X0027474Y0373838D01*
X0027443Y0373672D01*
X0027408Y0373506D01*
X0027369Y0373342D01*
X0027325Y0373178D01*
X0027278Y0373016D01*
X0027227Y0372855D01*
X0027172Y0372695D01*
X0027113Y0372536D01*
X0027051Y0372379D01*
X0026984Y0372224D01*
X0026913Y0372070D01*
X0026839Y0371918D01*
X0026761Y0371768D01*
X0026680Y0371620D01*
X0026595Y0371474D01*
X0026506Y0371330D01*
X0026414Y0371188D01*
X0026318Y0371049D01*
X0026219Y0370912D01*
X0026117Y0370777D01*
X0026011Y0370645D01*
X0025902Y0370516D01*
X0025790Y0370389D01*
X0025675Y0370265D01*
X0025557Y0370144D01*
X0025436Y0370026D01*
X0025312Y0369911D01*
X0025185Y0369799D01*
X0025056Y0369690D01*
X0024924Y0369584D01*
X0024789Y0369482D01*
X0024652Y0369383D01*
X0024513Y0369287D01*
X0024371Y0369195D01*
X0024227Y0369106D01*
X0024081Y0369021D01*
X0023933Y0368940D01*
X0023783Y0368862D01*
X0023631Y0368788D01*
X0023477Y0368717D01*
X0023322Y0368650D01*
X0023165Y0368588D01*
X0023006Y0368529D01*
X0022846Y0368474D01*
X0022685Y0368423D01*
X0022523Y0368376D01*
X0022359Y0368332D01*
X0022195Y0368293D01*
X0022029Y0368258D01*
X0021863Y0368227D01*
X0021696Y0368201D01*
X0021528Y0368178D01*
X0021360Y0368159D01*
X0021192Y0368145D01*
X0021023Y0368134D01*
X0020854Y0368128D01*
X0020685Y0368126D01*
X0020516Y0368128D01*
X0020347Y0368134D01*
X0020178Y0368145D01*
X0020010Y0368159D01*
X0019842Y0368178D01*
X0019674Y0368201D01*
X0019507Y0368227D01*
X0019341Y0368258D01*
X0019175Y0368293D01*
X0019011Y0368332D01*
X0018847Y0368376D01*
X0018685Y0368423D01*
X0018524Y0368474D01*
X0018364Y0368529D01*
X0018205Y0368588D01*
X0018048Y0368650D01*
X0017893Y0368717D01*
X0017739Y0368788D01*
X0017587Y0368862D01*
X0017437Y0368940D01*
X0017289Y0369021D01*
X0017143Y0369106D01*
X0016999Y0369195D01*
X0016857Y0369287D01*
X0016718Y0369383D01*
X0016581Y0369482D01*
X0016446Y0369584D01*
X0016314Y0369690D01*
X0016185Y0369799D01*
X0016058Y0369911D01*
X0015934Y0370026D01*
X0015813Y0370144D01*
X0015695Y0370265D01*
X0015580Y0370389D01*
X0015468Y0370516D01*
X0015359Y0370645D01*
X0015253Y0370777D01*
X0015151Y0370912D01*
X0015052Y0371049D01*
X0014956Y0371188D01*
X0014864Y0371330D01*
X0014775Y0371474D01*
X0014690Y0371620D01*
X0014609Y0371768D01*
X0014531Y0371918D01*
X0014457Y0372070D01*
X0014386Y0372224D01*
X0014319Y0372379D01*
X0014257Y0372536D01*
X0014198Y0372695D01*
X0014143Y0372855D01*
X0014092Y0373016D01*
X0014045Y0373178D01*
X0014001Y0373342D01*
X0013962Y0373506D01*
X0013927Y0373672D01*
X0013896Y0373838D01*
X0013870Y0374005D01*
X0013847Y0374173D01*
X0013828Y0374341D01*
X0013814Y0374509D01*
X0013803Y0374678D01*
X0013797Y0374847D01*
X0013795Y0375016D01*
X0683086Y0375016D02*
X0683088Y0375185D01*
X0683094Y0375354D01*
X0683105Y0375523D01*
X0683119Y0375691D01*
X0683138Y0375859D01*
X0683161Y0376027D01*
X0683187Y0376194D01*
X0683218Y0376360D01*
X0683253Y0376526D01*
X0683292Y0376690D01*
X0683336Y0376854D01*
X0683383Y0377016D01*
X0683434Y0377177D01*
X0683489Y0377337D01*
X0683548Y0377496D01*
X0683610Y0377653D01*
X0683677Y0377808D01*
X0683748Y0377962D01*
X0683822Y0378114D01*
X0683900Y0378264D01*
X0683981Y0378412D01*
X0684066Y0378558D01*
X0684155Y0378702D01*
X0684247Y0378844D01*
X0684343Y0378983D01*
X0684442Y0379120D01*
X0684544Y0379255D01*
X0684650Y0379387D01*
X0684759Y0379516D01*
X0684871Y0379643D01*
X0684986Y0379767D01*
X0685104Y0379888D01*
X0685225Y0380006D01*
X0685349Y0380121D01*
X0685476Y0380233D01*
X0685605Y0380342D01*
X0685737Y0380448D01*
X0685872Y0380550D01*
X0686009Y0380649D01*
X0686148Y0380745D01*
X0686290Y0380837D01*
X0686434Y0380926D01*
X0686580Y0381011D01*
X0686728Y0381092D01*
X0686878Y0381170D01*
X0687030Y0381244D01*
X0687184Y0381315D01*
X0687339Y0381382D01*
X0687496Y0381444D01*
X0687655Y0381503D01*
X0687815Y0381558D01*
X0687976Y0381609D01*
X0688138Y0381656D01*
X0688302Y0381700D01*
X0688466Y0381739D01*
X0688632Y0381774D01*
X0688798Y0381805D01*
X0688965Y0381831D01*
X0689133Y0381854D01*
X0689301Y0381873D01*
X0689469Y0381887D01*
X0689638Y0381898D01*
X0689807Y0381904D01*
X0689976Y0381906D01*
X0690145Y0381904D01*
X0690314Y0381898D01*
X0690483Y0381887D01*
X0690651Y0381873D01*
X0690819Y0381854D01*
X0690987Y0381831D01*
X0691154Y0381805D01*
X0691320Y0381774D01*
X0691486Y0381739D01*
X0691650Y0381700D01*
X0691814Y0381656D01*
X0691976Y0381609D01*
X0692137Y0381558D01*
X0692297Y0381503D01*
X0692456Y0381444D01*
X0692613Y0381382D01*
X0692768Y0381315D01*
X0692922Y0381244D01*
X0693074Y0381170D01*
X0693224Y0381092D01*
X0693372Y0381011D01*
X0693518Y0380926D01*
X0693662Y0380837D01*
X0693804Y0380745D01*
X0693943Y0380649D01*
X0694080Y0380550D01*
X0694215Y0380448D01*
X0694347Y0380342D01*
X0694476Y0380233D01*
X0694603Y0380121D01*
X0694727Y0380006D01*
X0694848Y0379888D01*
X0694966Y0379767D01*
X0695081Y0379643D01*
X0695193Y0379516D01*
X0695302Y0379387D01*
X0695408Y0379255D01*
X0695510Y0379120D01*
X0695609Y0378983D01*
X0695705Y0378844D01*
X0695797Y0378702D01*
X0695886Y0378558D01*
X0695971Y0378412D01*
X0696052Y0378264D01*
X0696130Y0378114D01*
X0696204Y0377962D01*
X0696275Y0377808D01*
X0696342Y0377653D01*
X0696404Y0377496D01*
X0696463Y0377337D01*
X0696518Y0377177D01*
X0696569Y0377016D01*
X0696616Y0376854D01*
X0696660Y0376690D01*
X0696699Y0376526D01*
X0696734Y0376360D01*
X0696765Y0376194D01*
X0696791Y0376027D01*
X0696814Y0375859D01*
X0696833Y0375691D01*
X0696847Y0375523D01*
X0696858Y0375354D01*
X0696864Y0375185D01*
X0696866Y0375016D01*
X0696864Y0374847D01*
X0696858Y0374678D01*
X0696847Y0374509D01*
X0696833Y0374341D01*
X0696814Y0374173D01*
X0696791Y0374005D01*
X0696765Y0373838D01*
X0696734Y0373672D01*
X0696699Y0373506D01*
X0696660Y0373342D01*
X0696616Y0373178D01*
X0696569Y0373016D01*
X0696518Y0372855D01*
X0696463Y0372695D01*
X0696404Y0372536D01*
X0696342Y0372379D01*
X0696275Y0372224D01*
X0696204Y0372070D01*
X0696130Y0371918D01*
X0696052Y0371768D01*
X0695971Y0371620D01*
X0695886Y0371474D01*
X0695797Y0371330D01*
X0695705Y0371188D01*
X0695609Y0371049D01*
X0695510Y0370912D01*
X0695408Y0370777D01*
X0695302Y0370645D01*
X0695193Y0370516D01*
X0695081Y0370389D01*
X0694966Y0370265D01*
X0694848Y0370144D01*
X0694727Y0370026D01*
X0694603Y0369911D01*
X0694476Y0369799D01*
X0694347Y0369690D01*
X0694215Y0369584D01*
X0694080Y0369482D01*
X0693943Y0369383D01*
X0693804Y0369287D01*
X0693662Y0369195D01*
X0693518Y0369106D01*
X0693372Y0369021D01*
X0693224Y0368940D01*
X0693074Y0368862D01*
X0692922Y0368788D01*
X0692768Y0368717D01*
X0692613Y0368650D01*
X0692456Y0368588D01*
X0692297Y0368529D01*
X0692137Y0368474D01*
X0691976Y0368423D01*
X0691814Y0368376D01*
X0691650Y0368332D01*
X0691486Y0368293D01*
X0691320Y0368258D01*
X0691154Y0368227D01*
X0690987Y0368201D01*
X0690819Y0368178D01*
X0690651Y0368159D01*
X0690483Y0368145D01*
X0690314Y0368134D01*
X0690145Y0368128D01*
X0689976Y0368126D01*
X0689807Y0368128D01*
X0689638Y0368134D01*
X0689469Y0368145D01*
X0689301Y0368159D01*
X0689133Y0368178D01*
X0688965Y0368201D01*
X0688798Y0368227D01*
X0688632Y0368258D01*
X0688466Y0368293D01*
X0688302Y0368332D01*
X0688138Y0368376D01*
X0687976Y0368423D01*
X0687815Y0368474D01*
X0687655Y0368529D01*
X0687496Y0368588D01*
X0687339Y0368650D01*
X0687184Y0368717D01*
X0687030Y0368788D01*
X0686878Y0368862D01*
X0686728Y0368940D01*
X0686580Y0369021D01*
X0686434Y0369106D01*
X0686290Y0369195D01*
X0686148Y0369287D01*
X0686009Y0369383D01*
X0685872Y0369482D01*
X0685737Y0369584D01*
X0685605Y0369690D01*
X0685476Y0369799D01*
X0685349Y0369911D01*
X0685225Y0370026D01*
X0685104Y0370144D01*
X0684986Y0370265D01*
X0684871Y0370389D01*
X0684759Y0370516D01*
X0684650Y0370645D01*
X0684544Y0370777D01*
X0684442Y0370912D01*
X0684343Y0371049D01*
X0684247Y0371188D01*
X0684155Y0371330D01*
X0684066Y0371474D01*
X0683981Y0371620D01*
X0683900Y0371768D01*
X0683822Y0371918D01*
X0683748Y0372070D01*
X0683677Y0372224D01*
X0683610Y0372379D01*
X0683548Y0372536D01*
X0683489Y0372695D01*
X0683434Y0372855D01*
X0683383Y0373016D01*
X0683336Y0373178D01*
X0683292Y0373342D01*
X0683253Y0373506D01*
X0683218Y0373672D01*
X0683187Y0373838D01*
X0683161Y0374005D01*
X0683138Y0374173D01*
X0683119Y0374341D01*
X0683105Y0374509D01*
X0683094Y0374678D01*
X0683088Y0374847D01*
X0683086Y0375016D01*
X0683086Y0020685D02*
X0683088Y0020854D01*
X0683094Y0021023D01*
X0683105Y0021192D01*
X0683119Y0021360D01*
X0683138Y0021528D01*
X0683161Y0021696D01*
X0683187Y0021863D01*
X0683218Y0022029D01*
X0683253Y0022195D01*
X0683292Y0022359D01*
X0683336Y0022523D01*
X0683383Y0022685D01*
X0683434Y0022846D01*
X0683489Y0023006D01*
X0683548Y0023165D01*
X0683610Y0023322D01*
X0683677Y0023477D01*
X0683748Y0023631D01*
X0683822Y0023783D01*
X0683900Y0023933D01*
X0683981Y0024081D01*
X0684066Y0024227D01*
X0684155Y0024371D01*
X0684247Y0024513D01*
X0684343Y0024652D01*
X0684442Y0024789D01*
X0684544Y0024924D01*
X0684650Y0025056D01*
X0684759Y0025185D01*
X0684871Y0025312D01*
X0684986Y0025436D01*
X0685104Y0025557D01*
X0685225Y0025675D01*
X0685349Y0025790D01*
X0685476Y0025902D01*
X0685605Y0026011D01*
X0685737Y0026117D01*
X0685872Y0026219D01*
X0686009Y0026318D01*
X0686148Y0026414D01*
X0686290Y0026506D01*
X0686434Y0026595D01*
X0686580Y0026680D01*
X0686728Y0026761D01*
X0686878Y0026839D01*
X0687030Y0026913D01*
X0687184Y0026984D01*
X0687339Y0027051D01*
X0687496Y0027113D01*
X0687655Y0027172D01*
X0687815Y0027227D01*
X0687976Y0027278D01*
X0688138Y0027325D01*
X0688302Y0027369D01*
X0688466Y0027408D01*
X0688632Y0027443D01*
X0688798Y0027474D01*
X0688965Y0027500D01*
X0689133Y0027523D01*
X0689301Y0027542D01*
X0689469Y0027556D01*
X0689638Y0027567D01*
X0689807Y0027573D01*
X0689976Y0027575D01*
X0690145Y0027573D01*
X0690314Y0027567D01*
X0690483Y0027556D01*
X0690651Y0027542D01*
X0690819Y0027523D01*
X0690987Y0027500D01*
X0691154Y0027474D01*
X0691320Y0027443D01*
X0691486Y0027408D01*
X0691650Y0027369D01*
X0691814Y0027325D01*
X0691976Y0027278D01*
X0692137Y0027227D01*
X0692297Y0027172D01*
X0692456Y0027113D01*
X0692613Y0027051D01*
X0692768Y0026984D01*
X0692922Y0026913D01*
X0693074Y0026839D01*
X0693224Y0026761D01*
X0693372Y0026680D01*
X0693518Y0026595D01*
X0693662Y0026506D01*
X0693804Y0026414D01*
X0693943Y0026318D01*
X0694080Y0026219D01*
X0694215Y0026117D01*
X0694347Y0026011D01*
X0694476Y0025902D01*
X0694603Y0025790D01*
X0694727Y0025675D01*
X0694848Y0025557D01*
X0694966Y0025436D01*
X0695081Y0025312D01*
X0695193Y0025185D01*
X0695302Y0025056D01*
X0695408Y0024924D01*
X0695510Y0024789D01*
X0695609Y0024652D01*
X0695705Y0024513D01*
X0695797Y0024371D01*
X0695886Y0024227D01*
X0695971Y0024081D01*
X0696052Y0023933D01*
X0696130Y0023783D01*
X0696204Y0023631D01*
X0696275Y0023477D01*
X0696342Y0023322D01*
X0696404Y0023165D01*
X0696463Y0023006D01*
X0696518Y0022846D01*
X0696569Y0022685D01*
X0696616Y0022523D01*
X0696660Y0022359D01*
X0696699Y0022195D01*
X0696734Y0022029D01*
X0696765Y0021863D01*
X0696791Y0021696D01*
X0696814Y0021528D01*
X0696833Y0021360D01*
X0696847Y0021192D01*
X0696858Y0021023D01*
X0696864Y0020854D01*
X0696866Y0020685D01*
X0696864Y0020516D01*
X0696858Y0020347D01*
X0696847Y0020178D01*
X0696833Y0020010D01*
X0696814Y0019842D01*
X0696791Y0019674D01*
X0696765Y0019507D01*
X0696734Y0019341D01*
X0696699Y0019175D01*
X0696660Y0019011D01*
X0696616Y0018847D01*
X0696569Y0018685D01*
X0696518Y0018524D01*
X0696463Y0018364D01*
X0696404Y0018205D01*
X0696342Y0018048D01*
X0696275Y0017893D01*
X0696204Y0017739D01*
X0696130Y0017587D01*
X0696052Y0017437D01*
X0695971Y0017289D01*
X0695886Y0017143D01*
X0695797Y0016999D01*
X0695705Y0016857D01*
X0695609Y0016718D01*
X0695510Y0016581D01*
X0695408Y0016446D01*
X0695302Y0016314D01*
X0695193Y0016185D01*
X0695081Y0016058D01*
X0694966Y0015934D01*
X0694848Y0015813D01*
X0694727Y0015695D01*
X0694603Y0015580D01*
X0694476Y0015468D01*
X0694347Y0015359D01*
X0694215Y0015253D01*
X0694080Y0015151D01*
X0693943Y0015052D01*
X0693804Y0014956D01*
X0693662Y0014864D01*
X0693518Y0014775D01*
X0693372Y0014690D01*
X0693224Y0014609D01*
X0693074Y0014531D01*
X0692922Y0014457D01*
X0692768Y0014386D01*
X0692613Y0014319D01*
X0692456Y0014257D01*
X0692297Y0014198D01*
X0692137Y0014143D01*
X0691976Y0014092D01*
X0691814Y0014045D01*
X0691650Y0014001D01*
X0691486Y0013962D01*
X0691320Y0013927D01*
X0691154Y0013896D01*
X0690987Y0013870D01*
X0690819Y0013847D01*
X0690651Y0013828D01*
X0690483Y0013814D01*
X0690314Y0013803D01*
X0690145Y0013797D01*
X0689976Y0013795D01*
X0689807Y0013797D01*
X0689638Y0013803D01*
X0689469Y0013814D01*
X0689301Y0013828D01*
X0689133Y0013847D01*
X0688965Y0013870D01*
X0688798Y0013896D01*
X0688632Y0013927D01*
X0688466Y0013962D01*
X0688302Y0014001D01*
X0688138Y0014045D01*
X0687976Y0014092D01*
X0687815Y0014143D01*
X0687655Y0014198D01*
X0687496Y0014257D01*
X0687339Y0014319D01*
X0687184Y0014386D01*
X0687030Y0014457D01*
X0686878Y0014531D01*
X0686728Y0014609D01*
X0686580Y0014690D01*
X0686434Y0014775D01*
X0686290Y0014864D01*
X0686148Y0014956D01*
X0686009Y0015052D01*
X0685872Y0015151D01*
X0685737Y0015253D01*
X0685605Y0015359D01*
X0685476Y0015468D01*
X0685349Y0015580D01*
X0685225Y0015695D01*
X0685104Y0015813D01*
X0684986Y0015934D01*
X0684871Y0016058D01*
X0684759Y0016185D01*
X0684650Y0016314D01*
X0684544Y0016446D01*
X0684442Y0016581D01*
X0684343Y0016718D01*
X0684247Y0016857D01*
X0684155Y0016999D01*
X0684066Y0017143D01*
X0683981Y0017289D01*
X0683900Y0017437D01*
X0683822Y0017587D01*
X0683748Y0017739D01*
X0683677Y0017893D01*
X0683610Y0018048D01*
X0683548Y0018205D01*
X0683489Y0018364D01*
X0683434Y0018524D01*
X0683383Y0018685D01*
X0683336Y0018847D01*
X0683292Y0019011D01*
X0683253Y0019175D01*
X0683218Y0019341D01*
X0683187Y0019507D01*
X0683161Y0019674D01*
X0683138Y0019842D01*
X0683119Y0020010D01*
X0683105Y0020178D01*
X0683094Y0020347D01*
X0683088Y0020516D01*
X0683086Y0020685D01*
M02*
